[    0.000000] Linux version 4.15.0-46-generic (buildd@lgw01-amd64-038) (gcc version 7.3.0 (Ubuntu 7.3.0-16ubuntu3)) #49-Ubuntu SMP Wed Feb 6 09:33:07 UTC 2019 (Ubuntu 4.15.0-46.49-generic 4.15.18)
[    0.000000] Command line: BOOT_IMAGE=/boot/vmlinuz-4.15.0-46-generic root=UUID=3e590d34-5868-490c-8245-579e7f2d4f0b ro console=tty1 console=ttyS0
[    0.000000] KERNEL supported cpus:
[    0.000000]   Intel GenuineIntel
[    0.000000]   AMD AuthenticAMD
[    0.000000]   Centaur CentaurHauls
[    0.00000] x86/fpu: Supporting XSAVE feature 0x001: 'x87 floating point registers'
[    0.000000] x86/fpu: Supporting XSAVE feature 0x002: 'SSE registers'
[    0.000000] x86/fpu: Enabled xstate features 0x3, context size is 576 bytes, using 'standard' format.
[    0.000000] e820: BIOS-provided physical RAM map:
[    0.000000] BIOS-e820: [mem 0x0000000000000000-0x000000000009fbff] usable
[    0.00000] BIOS-e820: [mem 0x000000000009fc00-0x000000000009ffff] reserved
[    0.000000] BIOS-e820: [mem 0x00000000000f0000-0x00000000000fffff] reserved
[    0.000000] BIOS-e820: [mem 0x0000000000100000-0x000000003ffeffff] usable
[    0.000000] BIOS-e820: [mem 0x000000003fff0000-0x000000003fffffff] ACPI data
[    0.000000] BIOS-e820: [mem 0x00000000fec00000-0x00000000fec00fff] reserved
[    0.000000] IOS-e820: [mem 0x00000000fee00000-0x00000000fee00fff] reserved
[    0.000000] BIOS-e820: [mem 0x00000000fffc0000-0x00000000ffffffff] reserved
[    0.000000] NX (Execute Disable) protection: active
[    0.000000] SMBIOS 2.5 present.
[    0.000000] DMI: innotek GmbH VirtualBox/VirtualBox, BIOS VirtualBox 12/01/2006
[    0.000000] Hypervisor detected: KVM
[    0.000000] e820: last_pfn = 0x3fff0 max_arch_pfn = 0x400000000
[    0.000000] MTRR: Disabled
[    0.000000] x86/PAT: MTRRs disabled, skipping PAT initialization too.
[    0.000000] CPU MTRRs all blank - virtualized system.
[    0.000000] x86/PAT: Configuration [0-7]: WB  WT  UC- UC  WB  WT  UC- UC  
[    0.000000] found SMP MP-table at [mem 0x0009fff0-0x0009ffff] mapped at [        (ptrval)]
[    0.000000] Scanning 1 areas for low memory corruption
[    0.000000] RAMDISK: [mem 0x359d7000-0x36ce2fff]
[    0.000000] ACPI: Early table checksum verification disabled
[    0.000000] ACPI: RSDP 0x00000000000E0000 000024 (v02 VBOX  )
[    0.000000] ACPI: XSDT 0x000000003FFF0030 00003C (v01 VBOX   VBOXXSDT 00000001 ASL  00000061)
[    0.000000] ACPI: FACP 0x000000003FFF00F0 0000F4 (v04 VBOX   VBOXFACP 00000001 ASL  00000061)
[    0.000000] ACPI: DSDT 0x000000003FFF0470 0021FF (v02 VBOX   VBOXBIOS 0000002 INTL 20100528)
[    0000000] ACPI: FACS 0x000000003FFF0200 000040
[    0.00000] ACPI: FACS 0x000000003FFF0200 000040
[    0.000000] ACPI: APIC 0x000000003FFF0240 00005C (v02 VBOX   VBOXAPIC 00000001 ASL  00000061)
[    0.000000] ACPI: SSDT 0x00000003FFF02A0 0001CC (v01 VBOX   VBOXCPUT 00000002 INTL 20100528)
[    0.000000] No NUMA configuration found
[    0.000000] Faking a node at [mem 0x0000000000000000-0x000000003ffeffff]
[    0.000000] NODE_DATA(0) allocated [mem 0x3ffc5000-0x3ffeffff]
[    0.000000] kvm-clock: cpu 0, msr 0:3ff44001, primary cpu clock
[    0.000000] kvm-clock: Using msrs 4b564d01 and 4b564d00
[    0.000000] kvm-clock: using sched offset of 18646199205 cycles
[    0.000000] clocksource: kvm-clock: mask: 0xffffffffffffffff max_cycles: 0x1cd42e4dffb, max_idle_ns: 881590591483 ns
[    0.000000] Zone ranges:
[    0.000000]   DMA      [mem 0x0000000000001000-0x0000000000ffffff]
[    0.000000]   DMA32    [mem 0x0000000001000000-0x000000003ffeffff]
[    0.000000]   Normal   empty
[    0.000000]   Device   empty
[    0.000000] Movable zone start for each node
[    0.00000] Early memory node ranges
[    0.000000]   node   0: [mem 0x000000000001000-0x000000000009efff]
[    0.000000]   node   0: [mem 0x0000000000100000-0x000000003ffeffff]
[    0.000000] Reserved but unavailable: 114 pages
[    0.000000] Initmem setup node 0 [mem 0x0000000000001000-0x000000003ffeffff]
[    0.000000] ACPI: PM-Timer IO Port: 0x4008
[    0.000000] IOAPIC[0]: apic_id 2, version 32, address 0xfec00000, GSI 0-23
[    0.000000] ACPI: INT_SRC_OVR (bus 0 bus_irq 0 global_irq 2 dfl dfl)
[    0.000000] ACPI: INT_SRC_OVR (bus 0 bus_irq 9 global_irq 9 low level)
[    0.000000] Using ACPI (MADT) for SMP configuration information
[    0.000000] smpboot: Alloing 2 CPUs, 0 hotplug CPUs
[    0.000000] PM: Registered nosave memory: [em 0x00000000-0x00000fff]
[    0.000000] PM: Registered nosave memory: [mem 0x0009f000-0x0009ffff]
[    0.000000] PM: Registered nosave memory: [mem 0x000a0000-0x000effff]
[    0.000000] PM: Registered nosave memory: [mem 0x000f0000-0x000ffff]
[    0.000000] e820: [mem 0x40000000-0xfebfffff] available for PCI devices
[    0.000000] Booting paravirtualized krnel on KVM
[    0.000000] clocksource: refined-jiffies: mask: 0xffffffff max_cycles: 0xffffffff, max_idle_ns: 7645519600211568 ns
[    0.000000] random: get_random_bytes called from start_kernel+0x99/0x4fd with crng_init=0
[    0.000000] setup_percpu: NR_CPUS:8192 nr_cpumask_bits::2 nr_cpu_ids:2 nr_node_ids:1
[    0.000000] percpu: Embedded 46 pages/cpu @        (ptrval) s151552 r8192 d28672 u1048576
[    0.000000] PV qspinlock hash table entries: 256 (order: 0, 4096 bytes)
[    0.000000] Built 1 zonelists, mobility grouping on.  Total pages: 257913
[    0.000000] Policy zone: DMA32
[    0.000000] Kernel command line: BOOT_IMAGE=/boot/vmlinuz-4.15.0-46-genric root=UUID=3e590d34-5868-490c-8245-579e7f2d4f0b ro console=tty1 console=ttyS0
[    0.000000] Memory: 983080K/1048120K available (12300K kernel code, 2473K rwdata, 4252K rodata, 2408K init, 2416K bss, 65040K reserved, 0K cma-reserved)
[    0.000000] SLUB: HWalign=64, Order=0-3, MinObjects=0, CPUs=2, Nodes=1
[    0.000000] Kernel/User page tables isolation: enabled
[    0.000000] ftrace: allocating 39198 entries in 154 pages
[    0.004000] Hierarchical RCU implementation.
[    0.004000] 	RCU restrictting CPUs from NR_CPUS=8192 to nr_cpu_ids=2.
[    0.004000] 	Tasks RCU enabled.
[    0.004000] RCU: Adjusting geometry for rcu_fanout_leaf=16, nr_cpu_ids=2
[    0.004000] NR_IRQS: 524544, nr_irqs: 440, preallocated irqs: 16
[    0.004000] Console: colour VGA+ 80x25
[    0.004000] console [tty1] enabled
[    0.004000] console [ttyS0] enabled
[    0.004000] ACPI: Core revision 20170831
[    0.004000] ACPI: 2 ACPI AML tables successfully acquired and loaded
[    0.004000] APIC: Switch to symmetric I/O mode setup
[    0.004000] x2apic enabled
[    0.004013] Switched APIC routing to physical x2apic.
[    0.010212] ..TIMER: vector=0x30 apic1=0 pin1=2 apic2=-1 pin2=-1
[    0.012010] tsc: Detected 1496.601 MHz processor
[    0.016016] Calibrating delay loop (skipped) preset value.. 2993.20 BogoMIPS (lpj=5986404)
[    0.020011] pid_max: default: 32768 minimum: 301
[    0.024068] Security Framework initialized
[    0.026106] Yama: becoming mindful.
[    0.028046] AppArmor: AppArmor initialized
[    0.036031] Dentry cache hash table entries: 131072 (order: 8, 1048576 bytes)
[    0.040185] Inode-cache hash table entries: 65536 (order: 7, 524288 bytes)
[    0.044033] Mount-cache hash table entries: 2048 (order: 2, 16384 bytes)
[    0.048025] Mountpoint-cache hash table entries: 2048 (order: 2, 16384 bytes)
[    0.052493] mce: CPU supports 0 MCE banks
[    0.056041] Last level iTLB entries: 4KB 512, 2MB 8, 4MB 8
[    0.059170] Last level dTLB entries: 4KB 512, 2MB 32, 4MB 32, 1GB 0
[    0.060009] Spectre V2 : Mitigation: Full generic retpoline
[    0.064004] Spectre V2 : Spectre v2 / SpectreRSB mitigation: Filling RSB on context switch
[    0.068005] Speculative Store Bypass: Vulnerable
[    0.069909] Freeing SMP alternatives memory: 36K
[    0.080000] smpboot: CPU0: Intel(R) Celeron(R) CPU 1007U @ 1.50GHz (family: 0x6, model: 0x3a, stepping: 0x9)
[    0.080150] Performance Events: unsupported p6 CPU model 58 no PMU driver, software events only.
[    0.084131] Hierarchical SRCU implementation.
[    0.089607] NMI watchdog: Perf event create on CPU 0 failed with -2
[    0.092021] NMI watchdog: Perf NMI watchdog permanently disabled
[    0.096135] smp: Bringing up secondary CPUs ...
[    0.100185] x86: Booting SMP configuration:
[    0.101702] .... node  #0, CPUs:      #1
[    0.004000] kvm-clock: cpu 1, msr 0:3ff44041, secondary cpu clock
[    0.004000] mce: CPU supports 0 MCE banks
[    0.164039] smp: Brought up 1 node, 2 CPUs
[    0.168019] smpboot: Max logical packages: 1
[    0.172013] smpboot: Total of 2 processors activated (5986.40 BogoMIPS)
[    0.176085] devtmpfs: initialized
[    0.180000] x86/mm: Memory block size: 128MB
[    0.180305] evm: security.selinux
[    0.181744] evm: security.SMACK64
[    0.184016] evm: security.SMACK64EXEC
[    0.188007] evm: security.SMACK64TRANSMUTE
[    0.189507] evm: security.SMACK64MMAP
[    0.192005] evm: security.apparmor
[    0.193348] evm: security.ima
[    0.196008] evm: security.capability
[    0.200179] clocksource: jiffies: mask: 0xffffffff max_cycles: 0xffffffff, max_idle_ns: 7645041785100000 ns
[    0.204024] futex hash table entries: 512 (order: 3, 32768 bytes)
[    0.208111] pinctrl core: initialized pinctrl subsystem
[    0.212308] RTC time:  5:46:21, date: 03/14/19
[    0.220214] NET: Registered protocol family 16
[    0.224165] audit: initializing netlink subsys (disabled)
[    0.226180] audit: type=2000 audit(1552542400.194:1): state=initialized audit_enabled=0 res=1
[    0.228015] cpuidle: using governor ladder
[    0.232021] cpuidle: using governor menu
[    0.236083] ACPI: bus type PCI registered
[    0.240009] acpiphp: ACPI Hot Plug PCI Controller Driver version: 0.5
[    0.244229] PCI: Using configuration type 1 for base access
[    0.252079] HugeTLB registered 2.00 MiB page size, pre-allocated 0 pages
[    0.256221] ACPI: Added _OSI(Module Device)
[    0.260016] ACPI: Added _OSI(Processor Device)
[    0.261658] ACPI: Added _OSI(3.0 _SCP Extensions)
[    0.264020] ACPI: Added _OSI(Processor Aggregator Device)
[    0.268009] ACPI: Added _OSI(Linux-Dell-Video)
[    0.269643] ACPI: Added _OSI(Linux-Lenovo-NV-HDMI-Audio)
[    0.272010] ACPI: Added _OSI(Linux-HPI-Hybrid-Graphics)
[    0.276650] ACPI: Executed 1 blocks of module-level executable AML code
[    0.287140] ACPI: Interpreter enabled
[    0.288030] ACPI: (supports S0 S5)
[    0.292008] ACPI: Using IOAPIC for interrupt routing
[    0.296562] PCI: Using host bridge windows from ACPI; if necessary, use "pci=nocrs" and report a bug
[    0.300418] ACPI: Enabled 2 GPEs in block 00 to 07
[    0.318636] ACPI: PCI Root Bridge [PCI0] (domain 0000 [bus 00-ff])
[    0.320016] acpi PNP0A03:00: _OSC: OS supports [ASPM ClockPM Segments MSI]
[    0.324076] acpi PNP0A03:00: _OSC: not requesting OS control; OS requires [ExtendedConfig ASPM ClockPM MSI]
[    0.328029] acpi PNP0A03:00: fail to add MMCONFIG information, can't access extended PCI configuration space under this bridge.
[    0.332865] PCI host bridge to bus 0000:00
[    0.336018] pci_bus 0000:00: root bus resource [io  0x0000-0x0cf7 window]
[    0.340016] pci_bus 0000:00: root bus resource [io  0x0d00-0xffff window]
[    0.344010] pci_bus 0000:00: root bus resource [mem 0x000a0000-0x000bffff window]
[    0.346634] pci_bus 0000:00: root bus resource [mem 0x40000000-0xfdffffff window]
[    0.348009] pci_bus 0000:00: root bus resource [bus 00-ff]
[    0.358595] pci 0000:00:01.1: legacy IDE quirk: reg 0x10: [io  0x01f0-0x01f7]
[    0.360015] pci 0000:00:01.1: legacy IDE quirk: reg 0x14: [io  0x03f6]
[    0.362264] pci 0000:00:01.1: legacy IDE quirk: reg 0x18: [io  0x0170-0x0177]
[    0.364010] pci 0000:00:01.1: legacy IDE quirk: reg 0x1c: [io  0x0376]
[    0.415884] pci 0000:00:07.0: quirk: [io  0x4000-0x403f] claimed by PIIX4 ACPI
[    0.416098] pci 0000:00:07.0: quirk: [io  0x4100-0x410f] claimed by PIIX4 SMB
[    0.449458] ACPI: PCI Interrupt Link [LNKA] (IRQs 5 9 10 *11)
[    0.452758] ACPI: PCI Interrupt Link [LNKB] (IRQs 5 9 *10 11)
[    0.456338] ACPI: PCI Interrupt Link [LNKC] (IRQs 5 *9 10 11)
[    0.460281] ACPI: PCI Interrupt Link [LNKD] (IRQs 5 9 10 *11)
[    0.462881] SCSI subsystem initialized
[    0.464072] pci 0000:00:02.0: vgaarb: setting as boot VGA device
[    0.466157] pci 0000:00:02.0: vgaarb: VGA device added: decodes=io+mem,owns=io+mem,locks=none
[    0.468019] pci 0000:00:02.0: vgaarb: bridge control possible
[    0.472007] vgaarb: loaded
[    0.473147] ACPI: bus type USB registered
[    0.474712] usbcore: registered new interface driver usbfs
[    0.476047] usbcore: registered new interface driver hub
[    0.480053] usbcore: registered new device driver usb
[    0.484049] EDAC MC: Ver: 3.0.0
[    0.492075] PCI: Using ACPI for IRQ routing
[    0.494165] NetLabel: Initializing
[    0.494165] NetLabel:  domain hash size = 128
[    0.494165] NetLabel:  protocols = UNLABELED CIPSOv4 CALIPSO
[    0.496039] NetLabel:  unlabeled traffic allowed by default
[    0.500132] clocksource: Switched to clocksource kvm-clock
[    0.554001] VFS: Disk quotas dquot_6.6.0
[    0.557663] VFS: Dquot-cache hash table entries: 512 (order 0, 4096 bytes)
[    0.560362] AppArmor: AppArmor Filesystem Enabled
[    0.562239] pnp: PnP ACPI init
[    0.569114] pnp: PnP ACPI: found 3 devices
[    0.582779] clocksource: acpi_pm: mask: 0xffffff max_cycles: 0xffffff, max_idle_ns: 2085701024 ns
[    0.588477] NET: Registered protocol family 2
[    0.595289] TCP established hash table entries: 8192 (order: 4, 65536 bytes)
[    0.598896] TCP bind hash table entries: 8192 (order: 5, 131072 bytes)
[    0.608615] TCP: Hash tables configured (established 8192 bind 8192)
[    0.610908] UDP hash table entries: 512 (order: 2, 16384 bytes)
[    0.612989] UDP-Lite hash table entries: 512 (order: 2, 16384 bytes)
[    0.615224] NET: Registered protocol family 1
[    0.617811] pci 0000:00:00.0: Limiting direct PCI/PCI transfers
[    0.622540] pci 0000:00:01.0: Activating ISA DMA hang workarounds
[    0.625335] pci 0000:00:02.0: Video device with shadowed ROM at [mem 0x000c0000-0x000dffff]
[    0.630079] Unpacking initramfs...
[    1.592996] Freeing initrd memory: 19504K
[    1.602456] platform rtc_cmos: registered platform RTC device (no PNP device found)
[    1.605286] Scanning for low memory corruption every 60 seconds
[    1.608563] Initialise system trusted keyrings
[    1.611371] Key type blacklist registered
[    1.615679] workingset: timestamp_bits=36 max_order=18 bucket_order=0
[    1.626433] zbud: loaded
[    1.630331] squashfs: version 4.0 (2009/01/31) Phillip Lougher
[    1.634797] fuse init (API version 7.26)
[    1.649106] Key type asymmetric registered
[    1.652670] Asymmetric key parser 'x509' registered
[    1.654538] Block layer SCSI generic (bsg) driver version 0.4 loaded (major 246)
[    1.657371] io scheduler noop registered
[    1.659900] io scheduler deadline registered
[    1.661586] io scheduler cfq registered (default)
[    1.663782] ACPI: AC Adapter [AC] (on-line)
[    1.665583] input: Power Button as /devices/LNXSYSTM:00/LNXPWRBN:00/input/input0
[    1.670305] ACPI: Power Button [PWRF]
[    1.671866] input: Sleep Button as /devices/LNXSYSTM:00/LNXSLPBN:00/input/input1
[    1.682740] ACPI: Sleep Button [SLPF]
[    1.685393] Serial: 8250/16550 driver, 32 ports, IRQ sharing enabled
[    1.687081] ACPI: Battery Slot [BAT0] (battery present)
[    1.720804] 00:02: ttyS0 at I/O 0x3f8 (irq = 4, base_baud = 115200) is a 16550A
[    1.727634] Linux agpgart interface v0.103
[    1.744647] loop: module loaded
[    1.747060] scsi host0: ata_piix
[    1.750189] scsi host1: ata_piix
[    1.760036] ata1: PATA max UDMA/33 cmd 0x1f0 ctl 0x3f6 bmdma 0xd000 irq 14
[    1.768470] ata2: PATA max UDMA/33 cmd 0x170 ctl 0x376 bmdma 0xd008 irq 15
[    1.771424] libphy: Fixed MDIO Bus: probed
[    1.773336] tun: Universal TUN/TAP device driver, 1.6
[    1.776146] PPP generic driver version 2.4.2
[    1.777792] ehci_hcd: USB 2.0 'Enhanced' Host Controller (EHCI) Driver
[    1.780043] ehci-pci: EHCI PCI platform driver
[    1.782925] ehci-platform: EHCI generic platform driver
[    1.787734] ohci_hcd: USB 1.1 'Open' Host Controller (OHCI) Driver
[    1.790044] ohci-pci: OHCI PCI platform driver
[    1.791696] ohci-platform: OHCI generic platform driver
[    1.793646] uhci_hcd: USB Universal Host Controller Interface driver
[    1.795922] i8042: PNP: PS/2 Controller [PNP0303:PS2K,PNP0f03:PS2M] at 0x60,0x64 irq 1,12
[    1.799706] serio: i8042 KBD port at 0x60,0x64 irq 1
[    1.815089] serio: i8042 AUX port at 0x60,0x64 irq 12
[    1.817142] mousedev: PS/2 mouse device common for all mice
[    1.820794] input: AT Translated Set 2 keyboard as /devices/platform/i8042/serio0/input/input2
[    1.828497] rtc_cmos rtc_cmos: rtc core: registered rtc_cmos as rtc0
[    1.832054] rtc_cmos rtc_cmos: alarms up to one day, 114 bytes nvram
[    1.837978] i2c /dev entries driver
[    1.840398] pcie_mp2_amd: AMD(R) PCI-E MP2 Communication Driver Version: 1.0
[    1.844009] device-mapper: uevent: version 1.0.3
[    1.847211] device-mapper: ioctl: 4.37.0-ioctl (2017-09-20) initialised: dm-devel@redhat.com
[    1.850329] ledtrig-cpu: registered to indicate activity on CPUs
[    1.865222] NET: Registered protocol family 10
[    1.877926] Segment Routing with IPv6
[    1.890016] NET: Registered protocol family 17
[    1.891809] Key type dns_resolver registered
[    1.900897] RAS: Correctable Errors collector initialized.
[    1.903401] sched_clock: Marking stable (1900752374, 0)->(3466225294, -1565472920)
[    1.928355] registered taskstats version 1
[    1.929876] Loading compiled-in X.509 certificates
[    1.937241] Loaded X.509 cert 'Build time autogenerated kernel key: b873a790e41754b50f7dbae45b6bd46229c3c73f'
[    1.950298] zswap: loaded using pool lzo/zbud
[    1.960195] Key type big_key registered
[    1.967035] Key type trusted registered
[    1.972798] Key type encrypted registered
[    1.980354] AppArmor: AppArmor sha1 policy hashing enabled
[    1.982281] ima: No TPM chip found, activating TPM-bypass! (rc=-19)
[    1.984550] ima: Allocated hash algorithm: sha1
[    2.010155] evm: HMAC attrs: 0x1
[    2.011997]   Magic number: 11:795:769
[    2.013506] mem kmsg: hash matches
[    2.014877] pci 0000:00:05.0: hash matches
[    2.016530] rtc_cmos rtc_cmos: setting system clock to 2019-03-14 05:46:23 UTC (1552542383)
[    2.020989] BIOS EDD facility v0.16 2004-Jun-25, 0 devices found
[    2.039619] EDD information not available.
[    2.050832] Freeing unused kernel memory: 2408K
[    2.068992] Write protecting the kernel read-only data: 20480k
[    2.073381] Freeing unused kernel memory: 2008K
[    2.085275] Freeing unused kernel memory: 1892K
[    2.103171] x86/mm: Checked W+X mappings: passed, no W+X pages found.
[    2.128971] x86/mm: Checking user space page tables
[    2.143302] x86/mm: Checked W+X mappings: passed, no W+X pages found.
Loading, please wait...
starting version 237
[    2.335951] e1000: Intel(R) PRO/1000 Network Driver - version 7.3.21-k8-NAPI
[    2.365987] e1000: Copyright (c) 1999-2006 Intel Corporation.
[    2.383327] Fusion MPT base driver 3.04.20
[    2.421809] Copyright (c) 1999-2008 LSI Corporation
[    2.506968] Fusion MPT SPI Host driver 3.04.20
[    2.629171] tsc: Refined TSC clocksource calibration: 1497.269 MHz
[    2.689893] clocksource: tsc: mask: 0xffffffffffffffff max_cycles: 0x15950eb55c5, max_idle_ns: 440795227611 ns
[    2.703413] input: ImExPS/2 Generic Explorer Mouse as /devices/platform/i8042/serio1/input/input4
[    3.810923] e1000 0000:00:03.0 eth0: (PCI:33MHz:32-bit) 02:db:17:3a:0e:c2
[    3.821084] e1000 0000:00:03.0 eth0: Intel(R) PRO/1000 Network Connection
[    3.825766] mptbase: ioc0: Initiating bringup
[    4.180884] ioc0: LSI53C1030 A0: Capabilities={Initiator}
[    4.730410] scsi host2: ioc0: LSI53C1030 A0, FwRev=00000000h, Ports=1, MaxQ=256, IRQ=20
[    5.797934] scsi 2:0:0:0: Direct-Access     VBOX     HARDDISK         1.0  PQ: 0 ANSI: 5
[    5.952172] scsi target2:0:0: Beginning Domain Validation
[    5.968091] scsi target2:0:0: Domain Validation skipping write tests
[    6.015148] scsi target2:0:0: Ending Domain Validation
[    6.062069] scsi target2:0:0: asynchronous
[    6.065092] scsi 2:0:1:0: Direct-Access     VBOX     HARDDISK         1.0  PQ: 0 ANSI: 5
[    6.313499] scsi target2:0:1: Beginning Domain Validation
[    6.317017] random: fast init done
[    6.320797] scsi target2:0:1: Domain Validation skipping write tests
[    6.332705] random: systemd-udevd: uninitialized urandom read (16 bytes read)
[    6.332739] random: systemd-udevd: uninitialized urandom read (16 bytes read)
[    6.332746] random: systemd-udevd: uninitialized urandom read (16 bytes read)
[    6.333159] e1000 0000:00:08.0 eth1: (PCI:33MHz:32-bit) 08:00:27:84:f6:80
[    6.333167] e1000 0000:00:08.0 eth1: Intel(R) PRO/1000 Network Connection
[    6.350648] e1000 0000:00:08.0 enp0s8: renamed from eth1
[    6.377921] scsi target2:0:1: Ending Domain Validation
[    6.380609] scsi target2:0:1: asynchronous
[    6.392530] sd 2:0:0:0: Attached scsi generic sg0 type 0
[    6.395800] sd 2:0:1:0: Attached scsi generic sg1 type 0
[    6.397917] e1000 0000:00:03.0 enp0s3: renamed from eth0
[    6.422968] sd 2:0:0:0: [sda] 20971520 512-byte logical blocks: (10.7 GB/10.0 GiB)
[    6.427921] sd 2:0:0:0: [sda] Write Protect is off
[    6.436359] sd 2:0:1:0: [sdb] 20480 512-byte logical blocks: (10.5 MB/10.0 MiB)
[    6.447031] sd 2:0:1:0: [sdb] Write Protect is off
[    6.447047] sd 2:0:0:0: [sda] Incomplete mode parameter data
[    6.447050] sd 2:0:0:0: [sda] Assuming drive cache: write through
[    6.473780] sd 2:0:1:0: [sdb] Incomplete mode parameter data
[    6.481673] sd 2:0:1:0: [sdb] Assuming drive cache: write through
[    6.500733]  sda: sda1
[    6.507112] sd 2:0:0:0: [sda] Attached SCSI disk
[    6.533447] sd 2:0:1:0: [sdb] Attached SCSI disk
Begin: Loading essential drivers ... [    8.760320] raid6: sse2x1   gen()  3799 MB/s
[    8.812094] raid6: sse2x1   xor()  2806 MB/s
[    8.872737] raid6: sse2x2   gen()  4731 MB/s
[    8.924576] raid6: sse2x2   xor()  3051 MB/s
[    8.972449] raid6: sse2x4   gen()  5352 MB/s
[    9.020065] raid6: sse2x4   xor()  3897 MB/s
[    9.025848] raid6: using algorithm sse2x4 gen() 5352 MB/s
[    9.027741] raid6: .... xor() 3897 MB/s, rmw enabled
[    9.029575] raid6: using ssse3x2 recovery algorithm
[    9.034196] xor: measuring software checksum speed
[    9.080024]    prefetch64-sse:  7213.000 MB/sec
[    9.124955]    generic_sse:  8356.000 MB/sec
[    9.133323] xor: using function: generic_sse (8356.000 MB/sec)
[    9.138003] async_tx: api initialized (async)
done.
Begin: Running /scripts/init-premount ... done.
Begin: Mounting root file system ... Begin: Running /scripts/local-top ... done.
Begin: Running /scripts/local-premount ... [    9.249328] Btrfs loaded, crc32c=crc32c-intel
Scanning for Btrfs filesystems
done.
Warning: fsck not present, so skipping root file system
[    9.807004] EXT4-fs (sda1): mounted filesystem with ordered data mode. Opts: (null)
done.
Begin: Running /scripts/local-bottom ... done.
Begin: Running /scripts/init-bottom ... done.
[   11.443745] random: crng init done
[   11.507143] random: 7 urandom warning(s) missed due to ratelimiting
[   15.925410] ip_tables: (C) 2000-2006 Netfilter Core Team
[   16.478427] systemd[1]: systemd 237 running in system mode. (+PAM +AUDIT +SELINUX +IMA +APPARMOR +SMACK +SYSVINIT +UTMP +LIBCRYPTSETUP +GCRYPT +GNUTLS +ACL +XZ +LZ4 +SECCOMP +BLKID +ELFUTILS +KMOD -IDN2 +IDN -PCRE2 default-hierarchy=hybrid)
[   16.554870] systemd[1]: Detected virtualization oracle.
[   16.624071] systemd[1]: Detected architecture x86-64.

Welcome to [1mUbuntu 18.04.2 LTS[0m!

[   16.747886] systemd[1]: Set hostname to <ubuntu-bionic>.
[   24.077283] systemd[1]: Set up automount Arbitrary Executable File Formats File System Automount Point.
[[0;32m  OK  [0m] Set up automount Arbitrary Executab…rmats File System Automount Point.
[   24.794312] systemd[1]: Created slice System Slice.
[[0;32m  OK  [0m] Created slice System Slice.
[   24.829538] systemd[1]: Listening on udev Control Socket.
[[0;32m  OK  [0m] Listening on udev Control Socket.
[   24.834851] systemd[1]: Listening on Syslog Socket.
[[0;32m  OK  [0m] Listening on Syslog Socket.
[   24.844965] systemd[1]: Listening on Journal Audit Socket.
[[0;32m  OK  [0m] Listening on Journal Audit Socket.
[   24.882151] systemd[1]: Listening on Network Service Netlink Socket.
[[0;32m  OK  [0m] Listening on Network Service Netlink Socket.
[   24.909483] systemd[1]: Listening on LVM2 metadata daemon socket.
[[0;32m  OK  [0m] Listening on LVM2 metadata daemon socket.
[   25.190804] systemd[1]: Listening on Journal Socket (/dev/log).
[[0;32m  OK  [0m] Listening on Journal Socket (/dev/log).
[   25.269084] systemd[1]: Listening on LVM2 poll daemon socket.
[[0;32m  OK  [0m] Listening on LVM2 poll daemon socket.
[   25.804715] systemd[1]: Listening on /dev/initctl Compatibility Named Pipe.
[[0;32m  OK  [0m] Listening on /dev/initctl Compatibility Named Pipe.
[[0;32m  OK  [0m] Created slice system-serial\x2dgetty.slice.
[[0;32m  OK  [0m] Started Forward Password Requests to Wall Directory Watch.
[[0;32m  OK  [0m] Reached target User and Group Name Lookups.
[[0;32m  OK  [0m] Listening on udev Kernel Socket.
[[0;32m  OK  [0m] Reached target System Time Synchronized.
[[0;32m  OK  [0m] Reached target Swap.
[[0;32m  OK  [0m] Listening on Journal Socket.
         Starting Create list of required st…ce nodes for the current kernel...
         Mounting Huge Pages File System...
         Starting Set the console keyboard layout...
         Starting Load Kernel Modules...
         Mounting Kernel Debug File System...
         Starting Journal Service...
         Starting Uncomplicated firewall...
         Starting udev Coldplug all Devices...
         Starting Remount Root and Kernel File Systems...
[[0;32m  OK  [0m] Created slice User and Session Slice.
[[0;32m  OK  [0m] Reached target Slices.
[[0;32m  OK  [0m] Listening on Device-mapper event daemon FIFOs.
         Starting Monitoring of LVM2 mirrors…ng dmeventd or progress polling...
         Mounting POSIX Message Queue File System...
[[0;32m  OK  [0m] Started Create list of required sta…vice nodes for the current kernel.
[[0;32m  OK  [0m] Started Uncomplicated firewall.
         Starting Create Static Device Nodes in /dev...
[[0;32m  OK  [0m] Started udev Coldplug all Devices.
[[0;32m  OK  [0m] Started Journal Service.
[   27.067730] Loading iSCSI transport class v2.0-870.
[[0;32m  OK  [0m] Mounted POSIX Message Queue File System.
[[0;32m  OK  [0m] Mounted Huge Pages File System.
[[0;32m  OK  [0m] Mounted Kernel Debug File System.
[   27.856758] EXT4-fs (sda1): re-mounted. Opts: (null)
[   27.859825] iscsi: registered transport (tcp)
[[0;32m  OK  [0m] Started Remount Root and Kernel File Systems.
         Starting Load/Save Random Seed...
         Starting Flush Journal to Persistent Storage...
         Starting Initial cloud-init job (pre-networking)...
[   28.618302] systemd-journald[385]: Received request to flush runtime journal from PID 1
[[0;32m  OK  [0m] Started Create Static Device Nodes in /dev.
         Starting udev Kernel Device Manager...
[[0;32m  OK  [0m] Started Set the console keyboard layout.
[[0;32m  OK  [0m] Started Load/Save Random Seed.
[[0;32m  OK  [0m] Started LVM2 metadata daemon.
[[0;32m  OK  [0m] Started udev Kernel Device Manager.
[[0;32m  OK  [0m] Started Dispatch Password Requests to Console Directory Watch.
[[0;32m  OK  [0m] Reached target Local Encrypted Volumes.
[[0;32m  OK  [0m] Started Monitoring of LVM2 mirrors,…sing dmeventd or progress polling.
[[0;32m  OK  [0m] Reached target Local File Systems (Pre).
[[0;32m  OK  [0m] Reached target Local File Systems.
         Starting AppArmor initialization...
         Starting Set console font and keymap...
         Starting ebtables ruleset management...
         Starting Tell Plymouth To Write Out Runtime Data...
[   30.332422] iscsi: registered transport (iser)
[[0;32m  OK  [0m] Started Load Kernel Modules.
         Mounting Kernel Configuration File System...
         Mounting FUSE Control File System...
         Starting Apply Kernel Variables...
[[0;32m  OK  [0m] Mounted Kernel Configuration File System.
[[0;32m  OK  [0m] Mounted FUSE Control File System.
[[0;32m  OK  [0m] Started Set console font and keymap.
[[0;32m  OK  [0m] Started Tell Plymouth To Write Out Runtime Data.
[[0;32m  OK  [0m] Found device /dev/ttyS0.
[[0;32m  OK  [0m] Started Apply Kernel Variables.
[[0;32m  OK  [0m] Listening on Load/Save RF Kill Switch Status /dev/rfkill Watch.
[[0;32m  OK  [0m] Started Flush Journal to Persistent Storage.
         Starting Create Volatile Files and Directories...
[[0;32m  OK  [0m] Started ebtables ruleset management.
[[0;32m  OK  [0m] Started Create Volatile Files and Directories.
         Starting Update UTMP about System Boot/Shutdown...
[[0;32m  OK  [0m] Started Update UTMP about System Boot/Shutdown.
[[0;32m  OK  [0m] Started AppArmor initialization.
[   41.224757] cloud-init[401]: Cloud-init v. 18.4-0ubuntu1~18.04.1 running 'init-local' at Thu, 14 Mar 2019 05:47:01 +0000. Up 40.31 seconds.
[[0;32m  OK  [0m] Started Initial cloud-init job (pre-networking).
[[0;32m  OK  [0m] Reached target Network (Pre).
         Starting Network Service...
[[0;32m  OK  [0m] Started Network Service.
         Starting Wait for Network to be Configured...
         Starting Network Name Resolution...
[[0;32m  OK  [0m] Started Network Name Resolution.
[[0;32m  OK  [0m] Reached target Network.
[[0;32m  OK  [0m] Reached target Host and Network Name Lookups.
[[0;32m  OK  [0m] Started Wait for Network to be Configured.
         Starting Initial cloud-init job (metadata service crawler)...
[   45.472476] cloud-init[664]: Cloud-init v. 18.4-0ubuntu1~18.04.1 running 'init' at Thu, 14 Mar 2019 05:47:06 +0000. Up 44.92 seconds.
[   45.560574] cloud-init[664]: ci-info: ++++++++++++++++++++++++++++++++++++++Net device info+++++++++++++++++++++++++++++++++++++++
[   45.576518] cloud-init[664]: ci-info: +--------+------+-----------------------------+---------------+--------+-------------------+
[   45.583375] cloud-init[664]: ci-info: | Device |  Up  |           Address           |      Mask     | Scope  |     Hw-Address    |
[   45.590593] cloud-init[664]: ci-info: +--------+------+-----------------------------+---------------+--------+-------------------+
[   45.672250] cloud-init[664]: ci-info: | enp0s3 | True |          10.0.2.15          | 255.255.255.0 | global | 02:db:17:3a:0e:c2 |
[   45.678411] cloud-init[664]: ci-info: | enp0s3 | True |  fe80::db:17ff:fe3a:ec2/64  |       .       |  link  | 02:db:17:3a:0e:c2 |
[   45.735890] cloud-init[664]: ci-info: | enp0s8 | True |        192.168.33.10        | 255.255.255.0 | global | 08:00:27:84:f6:80 |
[   45.742375] cloud-init[664]: ci-info: | enp0s8 | True | fe80::a00:27ff:fe84:f680/64 |       .       |  link  | 08:00:27:84:f6:80 |
[   45.748399] cloud-init[664]: ci-info: |   lo   | True |          127.0.0.1          |   255.0.0.0   |  host  |         .         |
[   45.754535] cloud-init[664]: ci-info: |   lo   | True |           ::1/128           |       .       |  host  |         .         |
[   45.760292] cloud-init[664]: ci-info: +--------+------+-----------------------------+---------------+--------+-------------------+
[   45.766245] cloud-init[664]: ci-info: +++++++++++++++++++++++++++++Route IPv4 info+++++++++++++++++++++++++++++
[   45.771780] cloud-init[664]: ci-info: +-------+--------------+----------+-----------------+-----------+-------+
[   45.825518] cloud-init[664]: ci-info: | Route | Destination  | Gateway  |     Genmask     | Interface | Flags |
[   45.834165] cloud-init[664]: ci-info: +-------+--------------+----------+-----------------+-----------+-------+
[   45.842699] cloud-init[664]: ci-info: |   0   |   0.0.0.0    | 10.0.2.2 |     0.0.0.0     |   enp0s3  |   UG  |
[   45.847889] cloud-init[664]: ci-info: |   1   |   10.0.2.0   | 0.0.0.0  |  255.255.255.0  |   enp0s3  |   U   |
[   45.853565] cloud-init[664]: ci-info: |   2   |   10.0.2.2   | 0.0.0.0  | 255.255.255.255 |   enp0s3  |   UH  |
[   45.858728] cloud-init[664]: ci-info: |   3   | 192.168.33.0 | 0.0.0.0  |  255.255.255.0  |   enp0s8  |   U   |
[   45.884103] cloud-init[664]: ci-info: +-------+--------------+----------+-----------------+-----------+-------+
[   45.892063] cloud-init[664]: ci-info: +++++++++++++++++++Route IPv6 info+++++++++++++++++++
[   45.897505] cloud-init[664]: ci-info: +-------+-------------+---------+-----------+-------+
[   45.906577] cloud-init[664]: ci-info: | Route | Destination | Gateway | Interface | Flags |
[   45.922976] cloud-init[664]: ci-info: +-------+-------------+---------+-----------+-------+
[   45.947735] cloud-init[664]: ci-info: |   1   |  fe80::/64  |    ::   |   enp0s8  |   U   |
[   45.955817] cloud-init[664]: ci-info: |   2   |  fe80::/64  |    ::   |   enp0s3  |   U   |
[   45.965554] cloud-init[664]: ci-info: |   4   |    local    |    ::   |   enp0s3  |   U   |
[   45.973054] cloud-init[664]: ci-info: |   5   |    local    |    ::   |   enp0s8  |   U   |
[   45.980070] cloud-init[664]: ci-info: |   6   |   ff00::/8  |    ::   |   enp0s8  |   U   |
[   45.990916] cloud-init[664]: ci-info: |   7   |   ff00::/8  |    ::   |   enp0s3  |   U   |
[   45.996540] cloud-init[664]: ci-info: +-------+-------------+---------+-----------+-------+
[[0;32m  OK  [0m] Started Initial cloud-init job (metadata service crawler).
[[0;32m  OK  [0m] Reached target Cloud-config availability.
[[0;32m  OK  [0m] Reached target Network is Online.
         Starting Availability of block devices...
[[0;32m  OK  [0m] Reached target Remote File Systems (Pre).
[[0;32m  OK  [0m] Reached target Remote File Systems.
[[0;32m  OK  [0m] Reached target System Initialization.
[[0;32m  OK  [0m] Started ACPI Events Check.
[[0;32m  OK  [0m] Started Daily apt download activities.
[[0;32m  OK  [0m] Started Daily apt upgrade and clean activities.
[[0;32m  OK  [0m] Reached target Paths.
[[0;32m  OK  [0m] Listening on D-Bus System Message Bus Socket.
[[0;32m  OK  [0m] Listening on UUID daemon activation socket.
         Starting LXD - unix socket.
         Starting Socket activation for snappy daemon.
[[0;32m  OK  [0m] Started Message of the Day.
[[0;32m  OK  [0m] Listening on ACPID Listen Socket.
[[0;32m  OK  [0m] Started Daily Cleanup of Temporary Directories.
[[0;32m  OK  [0m] Listening on Open-iSCSI iscsid Socket.
[[0;32m  OK  [0m] Started Discard unused blocks once a week.
[[0;32m  OK  [0m] Reached target Timers.
[[0;32m  OK  [0m] Started Availability of block devices.
[[0;32m  OK  [0m] Listening on LXD - unix socket.
[[0;32m  OK  [0m] Listening on Socket activation for snappy daemon.
[[0;32m  OK  [0m] Reached target Sockets.
[[0;32m  OK  [0m] Reached target Basic System.
         Starting LXD - container startup/shutdown...
[[0;32m  OK  [0m] Started Regular background program processing daemon.
         Starting LSB: Record successful boot for GRUB...
[[0;32m  OK  [0m] Started D-Bus System Message Bus.
         Starting Permit User Sessions...
         Starting Login Service...
         Starting System Logging Service...
[[0;32m  OK  [0m] Started Deferred execution scheduler.
         Starting Accounts Service...
         Starting Snappy daemon...
         Starting vboxadd.service...
[[0;32m  OK  [0m] Started irqbalance daemon.
         Starting Dispatcher daemon for systemd-networkd...
         Starting LSB: automatic crash report generation...
[[0;32m  OK  [0m] Started FUSE filesystem for LXC.
         Starting OpenBSD Secure Shell server...
[[0;32m  OK  [0m] Started System Logging Service.
[[0;32m  OK  [0m] Started Permit User Sessions.
[[0;32m  OK  [0m] Started Login Service.
         Starting Authorization Manager...
[[0;32m  OK  [0m] Started Unattended Upgrades Shutdown.
         Starting Hold until boot process finishes up...
         Starting Terminate Plymouth Boot Screen...
[[0;32m  OK  [0m] Started Hold until boot process finishes up.
         Starting Set console scheme...
[[0;32m  OK  [0m] Started Serial Getty on ttyS0.
[[0;32m  OK  [0m] Started Terminate Plymouth Boot Screen.
[[0;32m  OK  [0m] Started Set console scheme.
[[0;32m  OK  [0m] Created slice system-getty.slice.
[[0;32m  OK  [0m] Started Getty on tty1.
[[0;32m  OK  [0m] Reached target Login Prompts.
[[0;32m  OK  [0m] Started LSB: automatic crash report generation.
[[0;32m  OK  [0m] Started LSB: Record successful boot for GRUB.
[[0;32m  OK  [0m] Started Authorization Manager.
[[0;32m  OK  [0m] Started Accounts Service.
[[0;32m  OK  [0m] Started Dispatcher daemon for systemd-networkd.
[[0;32m  OK  [0m] Started vboxadd.service.
         Starting vboxadd-service.service...

Ubuntu 18.04.2 LTS ubuntu-bionic ttyS0

ubuntu-bionic login: [   59.294117] cloud-init[1219]: Cloud-init v. 18.4-0ubuntu1~18.04.1 running 'modules:config' at Thu, 14 Mar 2019 05:47:20 +0000. Up 58.98 seconds.
[   61.047618] cloud-init[1337]: Cloud-init v. 18.4-0ubuntu1~18.04.1 running 'modules:final' at Thu, 14 Mar 2019 05:47:22 +0000. Up 60.68 seconds.
[   61.047918] cloud-init[1337]: Cloud-init v. 18.4-0ubuntu1~18.04.1 finished at Thu, 14 Mar 2019 05:47:22 +0000. Datasource DataSourceNoCloud [seed=/dev/sdb][dsmode=net].  Up 61.02 seconds
[[0;32m  OK  [0m] Stopped target Graphical Interface.
         Stopping User Manager for UID 1000...
         Stopping Session 8 of user vagrant.
[[0;32m  OK  [0m] Stopped target Timers.
[[0;32m  OK  [0m] Stopped Message of the Day.
[[0;32m  OK  [0m] Stopped Daily Cleanup of Temporary Directories.
[[0;32m  OK  [0m] Closed Load/Save RF Kill Switch Status /dev/rfkill W         Stopping LSB: automatic crash report generation...
[[0;32m  OK  [0m] Stopped Wait until snapd is fully seeded.
         Stopping D-Bus System Message Bus...
         Stopping irqbalance daemon...
         Stopping FUSE filesystem for LXC...
         Stopping Deferred execution scheduler...
         Stopping OpenBSD Secure Shell server...
         Stopping LXD - container startup/shutdown...
         Stopping Dispatcher daemon for systemd-networkd...
         Stopping LSB: Record successful boot for GRUB...
[[0;32m  OK  [0m] Unmounted /var/lib/lxcfs.
[[0;32m  OK  [0m] Stopped Regular background program processing daemon.
[[0;32m  OK  [0m] Stopped System Logging Service.
[[0;32m  OK  [0m] Stopped Deferred execution scheduler.
[[0;32m  OK  [0m] Stopped Accounts Service.
[[0;32m  OK  [0m] Stopped irqbalance daemon.
[[0;32m  OK  [0m] Stopped Dispatcher daemon for systemd-networkd.
[[0;32m  OK  [0m] Stopped Authorization Manager.
[[0;32m  OK  [0m] Stopped Unattended Upgrades Shutdown.
[[0;32m  OK  [0m] Stopped Serial Getty on ttyS0.
[[0;32m  OK  [0m] Stopped Getty on tty1.
[[0;32m  OK  [0m] Stopped OpenBSD Secure Shell server.
[[0;32m  OK  [0m] Stopped User Manager for UID 1000.
[[0;32m  OK  [0m] Stopped Availability of block devices.
[[0;32m  OK  [0m] Stopped vboxadd-service.service.
[[0;32m  OK  [0m] Stopped D-Bus System Message Bus.
[[0;32m  OK  [0m] Stopped FUSE filesystem for LXC.
[[0;32m  OK  [0m] Stopped Session 8 of user vagrant.
         Stopping vboxadd.service...
[[0;32m  OK  [0m] Removed slice User Slice of vagrant.
[[0;32m  OK  [0m] Removed slice system-getty.slice.
         Stopping Permit User Sessions...
[[0;32m  OK  [0m] Removed slice system-serial\x2dgetty.slice.
         Stopping Login Service...
[[0;32m  OK  [0m] Stopped LSB: automatic crash report generation.
[[0;32m  OK  [0m] Stopped LXD - container startup/shutdown.
[[0;32m  OK  [0m] Stopped LSB: Record successful boot for GRUB.
[[0;32m  OK  [0m] Stopped Permit User Sessions.
[[0;32m  OK  [0m] Stopped target Network.
         Stopping Network Name Resolution...
[[0;32m  OK  [0m] Stopped target Remote File Systems.
[[0;32m  OK  [0m] Stopped target Remote File Systems (Pre).
[[0;32m  OK  [0m] Stopped Network Name Resolution.
         Stopping Network Service...
[[0;32m  OK  [0m] Stopped Login Service.
[[0;32m  OK  [0m] Unmounted /vagrant.
[[0;32m  OK  [0m] Stopped Network Service.
[[0;32m  OK  [0m] Stopped vboxadd.service.
[[0;32m  OK  [0m] Stopped target Network (Pre).
[[0;32m  OK  [0m] Stopped target Basic System.
[[0;32m  OK  [0m] Stopped target Slices.
[[0;32m  OK  [0m] Stopped target Paths.
[[0;32m  OK  [0m] Stopped ACPI Events Check.
[[0;32m  OK  [0m] Stopped target Sockets.
[[0;32m  OK  [0m] Closed ACPID Listen Socket.
[[0;32m  OK  [0m] Closed LXD - unix socket.
[[0;32m  OK  [0m] Closed Open-iSCSI iscsid Socket.
[[0;32m  OK  [0m] Closed Syslog Socket.
[[0;32m  OK  [0m] Closed UUID daemon activation socket.
[[0;32m  OK  [0m] Closed Socket activation for snappy daemon.
[[0;32m  OK  [0m] Stopped target User and Group Name Lookups.
[[0;32m  OK  [0m] Removed slice User and Session Slice.
[[0;32m  OK  [0m] Closed D-Bus System Message Bus Socket.
[[0;32m  OK  [0m] Stopped target System Initialization.
[[0;32m  OK  [0m] Stopped target Local Encrypted Volumes.
[[0;32m  OK  [0m] Stopped Dispatch Password Requests to Console Directory Watch.
[[0;32m  OK  [0m] Stopped Forward Password Requests to Wall Directory Watch.
[[0;32m  OK  [0m] Stopped Apply Kernel Variables.
[[0;32m  OK  [0m] Stopped Load Kernel Modules.
         Stopping Update UTMP about System Boot/Shutdown...
         Stopping Load/Save Random Seed...
[[0;32m  OK  [0m] Stopped Initial cloud-init job (metadata service crawler).
[[0;32m  OK  [0m] Stopped Initial cloud-init job (pre-networking).
[[0;32m  OK  [0m] Stopped Load/Save Random Seed.
[[0;32m  OK  [0m] Stopped Update UTMP about System Boot/Shutdown.
[[0;32m  OK  [0m] Stopped Create Volatile Files and Directories.
[[0;32m  OK  [0m] Stopped target Local File Systems.
         Unmounting /run/user/1000...
[[0;32m  OK  [0m] Unmounted /run/user/1000.
[[0;32m  OK  [0m] Reached target Unmount All Filesystems.
[[0;32m  OK  [0m] Stopped target Local File Systems (Pre).
[[0;32m  OK  [0m] Stopped Remount Root and Kernel File Systems.
[[0;32m  OK  [0m] Stopped Create Static Device Nodes in /dev.
         Stopping Monitoring of LVM2 mirrors…ng dmeventd or progress polling...
[[0;32m  OK  [0m] Stopped target Swap.
[[0;32m  OK  [0m] Reached target Shutdown.
[[0;32m  OK  [0m] Reached target Final Step.
         Starting Power-Off...
[[0;32m  OK  [0m] Stopped Monitoring of LVM2 mirrors,…sing dmeventd or progress polling.
         Stopping LVM2 metadata daemon...
[ 6920.319023] reboot: Power down
